Flow report for Synthesis-parking
Tue Jun 25 14:28:19 2024
Quartus II 64-Bit Version 13.1.0 Build 162 10/23/2013 SJ Web Edition


---------------------
; Table of Contents ;
---------------------
  1. Legal Notice
  2. Flow Summary
  3. Flow Settings
  4. Flow Non-Default Global Settings
  5. Flow Elapsed Time
  6. Flow OS Summary
  7. Flow Log
  8. Flow Messages
  9. Flow Suppressed Messages



----------------
; Legal Notice ;
----------------
Copyright (C) 1991-2013 Altera Corporation
Your use of Altera Corporation's design tools, logic functions 
and other software and tools, and its AMPP partner logic 
functions, and any output files from any of the foregoing 
(including device programming or simulation files), and any 
associated documentation or information are expressly subject 
to the terms and conditions of the Altera Program License 
Subscription Agreement, Altera MegaCore Function License 
Agreement, or other applicable license agreement, including, 
without limitation, that your use is for the sole purpose of 
programming logic devices manufactured by Altera and sold by 
Altera or its authorized distributors.  Please refer to the 
applicable agreement for further details.



+------------------------------------------------------------------------------+
; Flow Summary                                                                 ;
+---------------------------------+--------------------------------------------+
; Flow Status                     ; Successful - Tue Jun 25 14:28:19 2024      ;
; Quartus II 64-Bit Version       ; 13.1.0 Build 162 10/23/2013 SJ Web Edition ;
; Revision Name                   ; Synthesis-parking                          ;
; Top-level Entity Name           ; parking                                    ;
; Family                          ; Cyclone V                                  ;
; Device                          ; 5CSEBA6U23I7                               ;
; Timing Models                   ; Preliminary                                ;
; Logic utilization (in ALMs)     ; 399 / 41,910 ( < 1 % )                     ;
; Total registers                 ; 38                                         ;
; Total pins                      ; 72 / 314 ( 23 % )                          ;
; Total virtual pins              ; 0                                          ;
; Total block memory bits         ; 0 / 5,662,720 ( 0 % )                      ;
; Total DSP Blocks                ; 8 / 112 ( 7 % )                            ;
; Total HSSI RX PCSs              ; 0                                          ;
; Total HSSI PMA RX Deserializers ; 0                                          ;
; Total HSSI TX PCSs              ; 0                                          ;
; Total HSSI TX Channels          ; 0                                          ;
; Total PLLs                      ; 0 / 6 ( 0 % )                              ;
; Total DLLs                      ; 0 / 4 ( 0 % )                              ;
+---------------------------------+--------------------------------------------+


+-----------------------------------------+
; Flow Settings                           ;
+-------------------+---------------------+
; Option            ; Setting             ;
+-------------------+---------------------+
; Start date & time ; 06/25/2024 14:25:27 ;
; Main task         ; Compilation         ;
; Revision Name     ; Synthesis-parking   ;
+-------------------+---------------------+


+--------------------------------------------------------------------------------------------------------------------------+
; Flow Non-Default Global Settings                                                                                         ;
+-------------------------------------+---------------------------------+-------------------+-------------+----------------+
; Assignment Name                     ; Value                           ; Default Value     ; Entity Name ; Section Id     ;
+-------------------------------------+---------------------------------+-------------------+-------------+----------------+
; COMPILER_SIGNATURE_ID               ; 264397179201308.171931292725352 ; --                ; --          ; --             ;
; EDA_OUTPUT_DATA_FORMAT              ; Vhdl                            ; --                ; --          ; eda_simulation ;
; EDA_SIMULATION_TOOL                 ; ModelSim-Altera (VHDL)          ; <None>            ; --          ; --             ;
; MAX_CORE_JUNCTION_TEMP              ; 100                             ; --                ; --          ; --             ;
; MIN_CORE_JUNCTION_TEMP              ; -40                             ; --                ; --          ; --             ;
; PARTITION_COLOR                     ; 16764057                        ; --                ; parking     ; Top            ;
; PARTITION_FITTER_PRESERVATION_LEVEL ; PLACEMENT_AND_ROUTING           ; --                ; parking     ; Top            ;
; PARTITION_NETLIST_TYPE              ; SOURCE                          ; --                ; parking     ; Top            ;
; PROJECT_OUTPUT_DIRECTORY            ; output_files                    ; --                ; --          ; --             ;
; TOP_LEVEL_ENTITY                    ; parking                         ; Synthesis-parking ; --          ; --             ;
+-------------------------------------+---------------------------------+-------------------+-------------+----------------+


+-------------------------------------------------------------------------------------------------------------------------------+
; Flow Elapsed Time                                                                                                             ;
+---------------------------+--------------+-------------------------+---------------------+------------------------------------+
; Module Name               ; Elapsed Time ; Average Processors Used ; Peak Virtual Memory ; Total CPU Time (on all processors) ;
+---------------------------+--------------+-------------------------+---------------------+------------------------------------+
; Analysis & Synthesis      ; 00:00:02     ; 1.0                     ; 4704 MB             ; 00:00:01                           ;
; Fitter                    ; 00:02:28     ; 3.4                     ; 5990 MB             ; 00:02:07                           ;
; Assembler                 ; 00:00:07     ; 1.0                     ; 4777 MB             ; 00:00:06                           ;
; TimeQuest Timing Analyzer ; 00:00:10     ; 1.0                     ; 5042 MB             ; 00:00:10                           ;
; EDA Netlist Writer        ; 00:00:00     ; 1.0                     ; 4635 MB             ; 00:00:01                           ;
; Total                     ; 00:02:47     ; --                      ; --                  ; 00:02:25                           ;
+---------------------------+--------------+-------------------------+---------------------+------------------------------------+


+----------------------------------------------------------------------------------------+
; Flow OS Summary                                                                        ;
+---------------------------+------------------+-----------+------------+----------------+
; Module Name               ; Machine Hostname ; OS Name   ; OS Version ; Processor type ;
+---------------------------+------------------+-----------+------------+----------------+
; Analysis & Synthesis      ; Mehrazin         ; Windows 7 ; 6.2        ; x86_64         ;
; Fitter                    ; Mehrazin         ; Windows 7 ; 6.2        ; x86_64         ;
; Assembler                 ; Mehrazin         ; Windows 7 ; 6.2        ; x86_64         ;
; TimeQuest Timing Analyzer ; Mehrazin         ; Windows 7 ; 6.2        ; x86_64         ;
; EDA Netlist Writer        ; Mehrazin         ; Windows 7 ; 6.2        ; x86_64         ;
+---------------------------+------------------+-----------+------------+----------------+


------------
; Flow Log ;
------------
quartus_map --read_settings_files=on --write_settings_files=off Synthesis-parking -c Synthesis-parking
quartus_fit --read_settings_files=off --write_settings_files=off Synthesis-parking -c Synthesis-parking
quartus_asm --read_settings_files=off --write_settings_files=off Synthesis-parking -c Synthesis-parking
quartus_sta Synthesis-parking -c Synthesis-parking
quartus_eda --read_settings_files=off --write_settings_files=off Synthesis-parking -c Synthesis-parking



